# JRE version: OpenJDK Runtime Environment Temurin-21.0.8+9 (21.0.8+9) (build 21.0.8+9-LTS)
# Java VM: OpenJDK 64-Bit Server VM Temurin-21.0.8+9 (21.0.8+9-LTS, mixed mode, sharing, tiered, compressed oops, compressed class ptrs, parallel gc, windows-amd64)
GC Precious Log:
 CardTable entry size: 512
 CPUs: 12 total, 12 available
 Memory: 15741M
 Large Page Support: Disabled
 NUMA Support: Disabled
 Compressed Oops: Enabled (32-bit)
 Alignments: Space 512K, Generation 512K, Heap 2M
 Heap Min Capacity: 100M
 Heap Initial Capacity: 100M
 Heap Max Capacity: 2G
 Pre-touch: Disabled
 Parallel Workers: 10
Heap:
 PSYoungGen      total 8192K, used 3058K [0x00000000d5580000, 0x00000000d6080000, 0x0000000100000000)
  eden space 5120K, 0% used [0x00000000d5580000,0x00000000d5580000,0x00000000d5a80000)
  from space 3072K, 99% used [0x00000000d5d80000,0x00000000d607ca80,0x00000000d6080000)
  to   space 2560K, 0% used [0x00000000d5b00000,0x00000000d5b00000,0x00000000d5d80000)
 ParOldGen       total 1135616K, used 1135149K [0x0000000080000000, 0x00000000c5500000, 0x00000000d5580000)
  object space 1135616K, 99% used [0x0000000080000000,0x00000000c548b640,0x00000000c5500000)
 Metaspace       used 74405K, committed 76096K, reserved 1179648K
  class space    used 7792K, committed 8512K, reserved 1048576K
GC Heap History (20 events):
Event: 47.573 GC heap after
{Heap after GC invocations=1147 (full 3):
 PSYoungGen      total 4096K, used 1061K [0x00000000d5580000, 0x00000000d5c00000, 0x0000000100000000)
  eden space 2560K, 0% used [0x00000000d5580000,0x00000000d5580000,0x00000000d5800000)
  from space 1536K, 69% used [0x00000000d5a80000,0x00000000d5b895e8,0x00000000d5c00000)
  to   space 1536K, 0% used [0x00000000d5900000,0x00000000d5900000,0x00000000d5a80000)
 ParOldGen       total 1115648K, used 1115644K [0x0000000080000000, 0x00000000c4180000, 0x00000000d5580000)
  object space 1115648K, 99% used [0x0000000080000000,0x00000000c417f080,0x00000000c4180000)
 Metaspace       used 74403K, committed 76096K, reserved 1179648K
  class space    used 7792K, committed 8512K, reserved 1048576K
}
Event: 47.577 GC heap before
{Heap before GC invocations=1148 (full 3):
 PSYoungGen      total 4096K, used 3621K [0x00000000d5580000, 0x00000000d5c00000, 0x0000000100000000)
  eden space 2560K, 100% used [0x00000000d5580000,0x00000000d5800000,0x00000000d5800000)
  from space 1536K, 69% used [0x00000000d5a80000,0x00000000d5b895e8,0x00000000d5c00000)
  to   space 1536K, 0% used [0x00000000d5900000,0x00000000d5900000,0x00000000d5a80000)
 ParOldGen       total 1115648K, used 1115644K [0x0000000080000000, 0x00000000c4180000, 0x00000000d5580000)
  object space 1115648K, 99% used [0x0000000080000000,0x00000000c417f080,0x00000000c4180000)
 Metaspace       used 74403K, committed 76096K, reserved 1179648K
  class space    used 7792K, committed 8512K, reserved 1048576K
}
Event: 47.579 GC heap after
{Heap after GC invocations=1148 (full 3):
 PSYoungGen      total 3584K, used 992K [0x00000000d5580000, 0x00000000d5b00000, 0x0000000100000000)
  eden space 2560K, 0% used [0x00000000d5580000,0x00000000d5580000,0x00000000d5800000)
  from space 1024K, 96% used [0x00000000d5900000,0x00000000d59f8000,0x00000000d5a00000)
  to   space 1024K, 0% used [0x00000000d5a00000,0x00000000d5a00000,0x00000000d5b00000)
 ParOldGen       total 1116672K, used 1116628K [0x0000000080000000, 0x00000000c4280000, 0x00000000d5580000)
  object space 1116672K, 99% used [0x0000000080000000,0x00000000c4275388,0x00000000c4280000)
 Metaspace       used 74403K, committed 76096K, reserved 1179648K
  class space    used 7792K, committed 8512K, reserved 1048576K
}
Event: 47.583 GC heap before
{Heap before GC invocations=1149 (full 3):
 PSYoungGen      total 3584K, used 3552K [0x00000000d5580000, 0x00000000d5b00000, 0x0000000100000000)
  eden space 2560K, 100% used [0x00000000d5580000,0x00000000d5800000,0x00000000d5800000)
  from space 1024K, 96% used [0x00000000d5900000,0x00000000d59f8000,0x00000000d5a00000)
  to   space 1024K, 0% used [0x00000000d5a00000,0x00000000d5a00000,0x00000000d5b00000)
 ParOldGen       total 1116672K, used 1116628K [0x0000000080000000, 0x00000000c4280000, 0x00000000d5580000)
  object space 1116672K, 99% used [0x0000000080000000,0x00000000c4275388,0x00000000c4280000)
 Metaspace       used 74403K, committed 76096K, reserved 1179648K
  class space    used 7792K, committed 8512K, reserved 1048576K
}
Event: 47.586 GC heap after
{Heap after GC invocations=1149 (full 3):
 PSYoungGen      total 4096K, used 992K [0x00000000d5580000, 0x00000000d5b00000, 0x0000000100000000)
  eden space 3072K, 0% used [0x00000000d5580000,0x00000000d5580000,0x00000000d5880000)
  from space 1024K, 96% used [0x00000000d5a00000,0x00000000d5af8000,0x00000000d5b00000)
  to   space 1024K, 0% used [0x00000000d5900000,0x00000000d5900000,0x00000000d5a00000)
 ParOldGen       total 1117696K, used 1117500K [0x0000000080000000, 0x00000000c4380000, 0x00000000d5580000)
  object space 1117696K, 99% used [0x0000000080000000,0x00000000c434f388,0x00000000c4380000)
 Metaspace       used 74403K, committed 76096K, reserved 1179648K
  class space    used 7792K, committed 8512K, reserved 1048576K
}
Event: 47.590 GC heap before
{Heap before GC invocations=1150 (full 3):
 PSYoungGen      total 4096K, used 4064K [0x00000000d5580000, 0x00000000d5b00000, 0x0000000100000000)
  eden space 3072K, 100% used [0x00000000d5580000,0x00000000d5880000,0x00000000d5880000)
  from space 1024K, 96% used [0x00000000d5a00000,0x00000000d5af8000,0x00000000d5b00000)
  to   space 1024K, 0% used [0x00000000d5900000,0x00000000d5900000,0x00000000d5a00000)
 ParOldGen       total 1117696K, used 1117500K [0x0000000080000000, 0x00000000c4380000, 0x00000000d5580000)
  object space 1117696K, 99% used [0x0000000080000000,0x00000000c434f388,0x00000000c4380000)
 Metaspace       used 74403K, committed 76096K, reserved 1179648K
  class space    used 7792K, committed 8512K, reserved 1048576K
}
Event: 47.593 GC heap after
{Heap after GC invocations=1150 (full 3):
 PSYoungGen      total 4608K, used 1014K [0x00000000d5580000, 0x00000000d6080000, 0x0000000100000000)
  eden space 3584K, 0% used [0x00000000d5580000,0x00000000d5580000,0x00000000d5900000)
  from space 1024K, 99% used [0x00000000d5900000,0x00000000d59fd928,0x00000000d5a00000)
  to   space 3584K, 0% used [0x00000000d5d00000,0x00000000d5d00000,0x00000000d6080000)
 ParOldGen       total 1119744K, used 1119260K [0x0000000080000000, 0x00000000c4580000, 0x00000000d5580000)
  object space 1119744K, 99% used [0x0000000080000000,0x00000000c4507388,0x00000000c4580000)
 Metaspace       used 74403K, committed 76096K, reserved 1179648K
  class space    used 7792K, committed 8512K, reserved 1048576K
}
Event: 47.604 GC heap before
{Heap before GC invocations=1151 (full 3):
 PSYoungGen      total 4608K, used 4598K [0x00000000d5580000, 0x00000000d6080000, 0x0000000100000000)
  eden space 3584K, 100% used [0x00000000d5580000,0x00000000d5900000,0x00000000d5900000)
  from space 1024K, 99% used [0x00000000d5900000,0x00000000d59fd928,0x00000000d5a00000)
  to   space 3584K, 0% used [0x00000000d5d00000,0x00000000d5d00000,0x00000000d6080000)
 ParOldGen       total 1119744K, used 1119260K [0x0000000080000000, 0x00000000c4580000, 0x00000000d5580000)
  object space 1119744K, 99% used [0x0000000080000000,0x00000000c4507388,0x00000000c4580000)
 Metaspace       used 74403K, committed 76096K, reserved 1179648K
  class space    used 7792K, committed 8512K, reserved 1048576K
}
Event: 47.609 GC heap after
{Heap after GC invocations=1151 (full 3):
 PSYoungGen      total 6144K, used 3584K [0x00000000d5580000, 0x00000000d6400000, 0x0000000100000000)
  eden space 2560K, 0% used [0x00000000d5580000,0x00000000d5580000,0x00000000d5800000)
  from space 3584K, 100% used [0x00000000d5d00000,0x00000000d6080000,0x00000000d6080000)
  to   space 5120K, 0% used [0x00000000d5800000,0x00000000d5800000,0x00000000d5d00000)
 ParOldGen       total 1120768K, used 1120387K [0x0000000080000000, 0x00000000c4680000, 0x00000000d5580000)
  object space 1120768K, 99% used [0x0000000080000000,0x00000000c4620cb0,0x00000000c4680000)
 Metaspace       used 74403K, committed 76096K, reserved 1179648K
  class space    used 7792K, committed 8512K, reserved 1048576K
}
Event: 47.616 GC heap before
{Heap before GC invocations=1152 (full 3):
 PSYoungGen      total 6144K, used 6144K [0x00000000d5580000, 0x00000000d6400000, 0x0000000100000000)
  eden space 2560K, 100% used [0x00000000d5580000,0x00000000d5800000,0x00000000d5800000)
  from space 3584K, 100% used [0x00000000d5d00000,0x00000000d6080000,0x00000000d6080000)
  to   space 5120K, 0% used [0x00000000d5800000,0x00000000d5800000,0x00000000d5d00000)
 ParOldGen       total 1120768K, used 1120387K [0x0000000080000000, 0x00000000c4680000, 0x00000000d5580000)
  object space 1120768K, 99% used [0x0000000080000000,0x00000000c4620cb0,0x00000000c4680000)
 Metaspace       used 74403K, committed 76096K, reserved 1179648K
  class space    used 7792K, committed 8512K, reserved 1048576K
}
Event: 47.621 GC heap after
{Heap after GC invocations=1152 (full 3):
 PSYoungGen      total 5632K, used 2762K [0x00000000d5580000, 0x00000000d5f80000, 0x0000000100000000)
  eden space 2560K, 0% used [0x00000000d5580000,0x00000000d5580000,0x00000000d5800000)
  from space 3072K, 89% used [0x00000000d5800000,0x00000000d5ab29c8,0x00000000d5b00000)
  to   space 3584K, 0% used [0x00000000d5c00000,0x00000000d5c00000,0x00000000d5f80000)
 ParOldGen       total 1124352K, used 1123955K [0x0000000080000000, 0x00000000c4a00000, 0x00000000d5580000)
  object space 1124352K, 99% used [0x0000000080000000,0x00000000c499ccb0,0x00000000c4a00000)
 Metaspace       used 74403K, committed 76096K, reserved 1179648K
  class space    used 7792K, committed 8512K, reserved 1048576K
}
Event: 47.624 GC heap before
{Heap before GC invocations=1153 (full 3):
 PSYoungGen      total 5632K, used 5188K [0x00000000d5580000, 0x00000000d5f80000, 0x0000000100000000)
  eden space 2560K, 94% used [0x00000000d5580000,0x00000000d57de888,0x00000000d5800000)
  from space 3072K, 89% used [0x00000000d5800000,0x00000000d5ab29c8,0x00000000d5b00000)
  to   space 3584K, 0% used [0x00000000d5c00000,0x00000000d5c00000,0x00000000d5f80000)
 ParOldGen       total 1124352K, used 1123955K [0x0000000080000000, 0x00000000c4a00000, 0x00000000d5580000)
  object space 1124352K, 99% used [0x0000000080000000,0x00000000c499ccb0,0x00000000c4a00000)
 Metaspace       used 74403K, committed 76096K, reserved 1179648K
  class space    used 7792K, committed 8512K, reserved 1048576K
}
Event: 47.628 GC heap after
{Heap after GC invocations=1153 (full 3):
 PSYoungGen      total 5632K, used 2552K [0x00000000d5580000, 0x00000000d5e80000, 0x0000000100000000)
  eden space 3072K, 0% used [0x00000000d5580000,0x00000000d5580000,0x00000000d5880000)
  from space 2560K, 99% used [0x00000000d5c00000,0x00000000d5e7e090,0x00000000d5e80000)
  to   space 3072K, 0% used [0x00000000d5880000,0x00000000d5880000,0x00000000d5b80000)
 ParOldGen       total 1126400K, used 1126074K [0x0000000080000000, 0x00000000c4c00000, 0x00000000d5580000)
  object space 1126400K, 99% used [0x0000000080000000,0x00000000c4baea38,0x00000000c4c00000)
 Metaspace       used 74403K, committed 76096K, reserved 1179648K
  class space    used 7792K, committed 8512K, reserved 1048576K
}
Event: 47.636 GC heap before
{Heap before GC invocations=1154 (full 3):
 PSYoungGen      total 5632K, used 5624K [0x00000000d5580000, 0x00000000d5e80000, 0x0000000100000000)
  eden space 3072K, 100% used [0x00000000d5580000,0x00000000d5880000,0x00000000d5880000)
  from space 2560K, 99% used [0x00000000d5c00000,0x00000000d5e7e090,0x00000000d5e80000)
  to   space 3072K, 0% used [0x00000000d5880000,0x00000000d5880000,0x00000000d5b80000)
 ParOldGen       total 1126400K, used 1126074K [0x0000000080000000, 0x00000000c4c00000, 0x00000000d5580000)
  object space 1126400K, 99% used [0x0000000080000000,0x00000000c4baea38,0x00000000c4c00000)
 Metaspace       used 74403K, committed 76096K, reserved 1179648K
  class space    used 7792K, committed 8512K, reserved 1048576K
}
Event: 47.640 GC heap after
{Heap after GC invocations=1154 (full 3):
 PSYoungGen      total 6144K, used 3052K [0x00000000d5580000, 0x00000000d6280000, 0x0000000100000000)
  eden space 3072K, 0% used [0x00000000d5580000,0x00000000d5580000,0x00000000d5880000)
  from space 3072K, 99% used [0x00000000d5880000,0x00000000d5b7b3a8,0x00000000d5b80000)
  to   space 4608K, 0% used [0x00000000d5e00000,0x00000000d5e00000,0x00000000d6280000)
 ParOldGen       total 1127424K, used 1127018K [0x0000000080000000, 0x00000000c4d00000, 0x00000000d5580000)
  object space 1127424K, 99% used [0x0000000080000000,0x00000000c4c9aa38,0x00000000c4d00000)
 Metaspace       used 74403K, committed 76096K, reserved 1179648K
  class space    used 7792K, committed 8512K, reserved 1048576K
}
Event: 47.650 GC heap before
{Heap before GC invocations=1155 (full 3):
 PSYoungGen      total 6144K, used 6117K [0x00000000d5580000, 0x00000000d6280000, 0x0000000100000000)
  eden space 3072K, 99% used [0x00000000d5580000,0x00000000d587e310,0x00000000d5880000)
  from space 3072K, 99% used [0x00000000d5880000,0x00000000d5b7b3a8,0x00000000d5b80000)
  to   space 4608K, 0% used [0x00000000d5e00000,0x00000000d5e00000,0x00000000d6280000)
 ParOldGen       total 1127424K, used 1127018K [0x0000000080000000, 0x00000000c4d00000, 0x00000000d5580000)
  object space 1127424K, 99% used [0x0000000080000000,0x00000000c4c9aa38,0x00000000c4d00000)
 Metaspace       used 74403K, committed 76096K, reserved 1179648K
  class space    used 7792K, committed 8512K, reserved 1048576K
}
Event: 47.654 GC heap after
{Heap after GC invocations=1155 (full 3):
 PSYoungGen      total 6144K, used 1597K [0x00000000d5580000, 0x00000000d6000000, 0x0000000100000000)
  eden space 4096K, 0% used [0x00000000d5580000,0x00000000d5580000,0x00000000d5980000)
  from space 2048K, 77% used [0x00000000d5e00000,0x00000000d5f8f518,0x00000000d6000000)
  to   space 2560K, 0% used [0x00000000d5b00000,0x00000000d5b00000,0x00000000d5d80000)
 ParOldGen       total 1129984K, used 1129761K [0x0000000080000000, 0x00000000c4f80000, 0x00000000d5580000)
  object space 1129984K, 99% used [0x0000000080000000,0x00000000c4f484b8,0x00000000c4f80000)
 Metaspace       used 74403K, committed 76096K, reserved 1179648K
  class space    used 7792K, committed 8512K, reserved 1048576K
}
Event: 47.717 GC heap before
{Heap before GC invocations=1156 (full 3):
 PSYoungGen      total 6144K, used 5693K [0x00000000d5580000, 0x00000000d6000000, 0x0000000100000000)
  eden space 4096K, 99% used [0x00000000d5580000,0x00000000d597ff88,0x00000000d5980000)
  from space 2048K, 77% used [0x00000000d5e00000,0x00000000d5f8f518,0x00000000d6000000)
  to   space 2560K, 0% used [0x00000000d5b00000,0x00000000d5b00000,0x00000000d5d80000)
 ParOldGen       total 1129984K, used 1129761K [0x0000000080000000, 0x00000000c4f80000, 0x00000000d5580000)
  object space 1129984K, 99% used [0x0000000080000000,0x00000000c4f484b8,0x00000000c4f80000)
 Metaspace       used 74405K, committed 76096K, reserved 1179648K
  class space    used 7792K, committed 8512K, reserved 1048576K
}
Event: 47.721 GC heap after
{Heap after GC invocations=1156 (full 3):
 PSYoungGen      total 7680K, used 2418K [0x00000000d5580000, 0x00000000d6080000, 0x0000000100000000)
  eden space 5120K, 0% used [0x00000000d5580000,0x00000000d5580000,0x00000000d5a80000)
  from space 2560K, 94% used [0x00000000d5b00000,0x00000000d5d5c8f8,0x00000000d5d80000)
  to   space 3072K, 0% used [0x00000000d5d80000,0x00000000d5d80000,0x00000000d6080000)
 ParOldGen       total 1131520K, used 1131163K [0x0000000080000000, 0x00000000c5100000, 0x00000000d5580000)
  object space 1131520K, 99% used [0x0000000080000000,0x00000000c50a6d48,0x00000000c5100000)
 Metaspace       used 74405K, committed 76096K, reserved 1179648K
  class space    used 7792K, committed 8512K, reserved 1048576K
}
Event: 47.742 GC heap before
{Heap before GC invocations=1157 (full 3):
 PSYoungGen      total 7680K, used 7538K [0x00000000d5580000, 0x00000000d6080000, 0x0000000100000000)
  eden space 5120K, 100% used [0x00000000d5580000,0x00000000d5a80000,0x00000000d5a80000)
  from space 2560K, 94% used [0x00000000d5b00000,0x00000000d5d5c8f8,0x00000000d5d80000)
  to   space 3072K, 0% used [0x00000000d5d80000,0x00000000d5d80000,0x00000000d6080000)
 ParOldGen       total 1131520K, used 1131163K [0x0000000080000000, 0x00000000c5100000, 0x00000000d5580000)
  object space 1131520K, 99% used [0x0000000080000000,0x00000000c50a6d48,0x00000000c5100000)
 Metaspace       used 74405K, committed 76096K, reserved 1179648K
  class space    used 7792K, committed 8512K, reserved 1048576K
}

