# JRE version: OpenJDK Runtime Environment Temurin-21.0.9+10 (21.0.9+10) (build 21.0.9+10-LTS)
# Java VM: OpenJDK 64-Bit Server VM Temurin-21.0.9+10 (21.0.9+10-LTS, mixed mode, sharing, tiered, compressed oops, compressed class ptrs, parallel gc, windows-amd64)
GC Precious Log:
 CardTable entry size: 512
 CPUs: 12 total, 12 available
 Memory: 15741M
 Large Page Support: Disabled
 NUMA Support: Disabled
 Compressed Oops: Enabled (32-bit)
 Alignments: Space 512K, Generation 512K, Heap 2M
 Heap Min Capacity: 100M
 Heap Initial Capacity: 100M
 Heap Max Capacity: 2G
 Pre-touch: Disabled
 Parallel Workers: 10
Heap:
 PSYoungGen      total 12800K, used 5722K [0x00000000d5580000, 0x00000000d6a80000, 0x0000000100000000)
  eden space 11264K, 38% used [0x00000000d5580000,0x00000000d59c1618,0x00000000d6080000)
  from space 1536K, 88% used [0x00000000d6900000,0x00000000d6a55200,0x00000000d6a80000)
  to   space 4096K, 0% used [0x00000000d6280000,0x00000000d6280000,0x00000000d6680000)
 ParOldGen       total 323072K, used 322296K [0x0000000080000000, 0x0000000093b80000, 0x00000000d5580000)
  object space 323072K, 99% used [0x0000000080000000,0x0000000093abe390,0x0000000093b80000)
 Metaspace       used 74480K, committed 76096K, reserved 1179648K
  class space    used 7864K, committed 8512K, reserved 1048576K
GC Heap History (20 events):
Event: 39.882 GC heap before
{Heap before GC invocations=104 (full 3):
 PSYoungGen      total 12800K, used 12781K [0x00000000d5580000, 0x00000000d7b00000, 0x0000000100000000)
  eden space 11264K, 99% used [0x00000000d5580000,0x00000000d607d9e8,0x00000000d6080000)
  from space 1536K, 99% used [0x00000000d6c00000,0x00000000d6d7dbe8,0x00000000d6d80000)
  to   space 11776K, 0% used [0x00000000d6080000,0x00000000d6080000,0x00000000d6c00000)
 ParOldGen       total 247808K, used 247407K [0x0000000080000000, 0x000000008f200000, 0x00000000d5580000)
  object space 247808K, 99% used [0x0000000080000000,0x000000008f19bc58,0x000000008f200000)
 Metaspace       used 72989K, committed 74624K, reserved 1179648K
  class space    used 7742K, committed 8448K, reserved 1048576K
}
Event: 39.884 GC heap after
{Heap after GC invocations=104 (full 3):
 PSYoungGen      total 12800K, used 1474K [0x00000000d5580000, 0x00000000d6c80000, 0x0000000100000000)
  eden space 11264K, 0% used [0x00000000d5580000,0x00000000d5580000,0x00000000d6080000)
  from space 1536K, 96% used [0x00000000d6080000,0x00000000d61f0b08,0x00000000d6200000)
  to   space 4608K, 0% used [0x00000000d6800000,0x00000000d6800000,0x00000000d6c80000)
 ParOldGen       total 248320K, used 247911K [0x0000000080000000, 0x000000008f280000, 0x00000000d5580000)
  object space 248320K, 99% used [0x0000000080000000,0x000000008f219c68,0x000000008f280000)
 Metaspace       used 72989K, committed 74624K, reserved 1179648K
  class space    used 7742K, committed 8448K, reserved 1048576K
}
Event: 42.347 GC heap before
{Heap before GC invocations=105 (full 3):
 PSYoungGen      total 12800K, used 12738K [0x00000000d5580000, 0x00000000d6c80000, 0x0000000100000000)
  eden space 11264K, 100% used [0x00000000d5580000,0x00000000d6080000,0x00000000d6080000)
  from space 1536K, 96% used [0x00000000d6080000,0x00000000d61f0b08,0x00000000d6200000)
  to   space 4608K, 0% used [0x00000000d6800000,0x00000000d6800000,0x00000000d6c80000)
 ParOldGen       total 280064K, used 278631K [0x0000000080000000, 0x0000000091180000, 0x00000000d5580000)
  object space 280064K, 99% used [0x0000000080000000,0x0000000091019c98,0x0000000091180000)
 Metaspace       used 73162K, committed 74816K, reserved 1179648K
  class space    used 7743K, committed 8448K, reserved 1048576K
}
Event: 42.348 GC heap after
{Heap after GC invocations=105 (full 3):
 PSYoungGen      total 11776K, used 352K [0x00000000d5580000, 0x00000000d6880000, 0x0000000100000000)
  eden space 11264K, 0% used [0x00000000d5580000,0x00000000d5580000,0x00000000d6080000)
  from space 512K, 68% used [0x00000000d6800000,0x00000000d6858000,0x00000000d6880000)
  to   space 1536K, 0% used [0x00000000d6580000,0x00000000d6580000,0x00000000d6700000)
 ParOldGen       total 280064K, used 278831K [0x0000000080000000, 0x0000000091180000, 0x00000000d5580000)
  object space 280064K, 99% used [0x0000000080000000,0x000000009104bcc8,0x0000000091180000)
 Metaspace       used 73162K, committed 74816K, reserved 1179648K
  class space    used 7743K, committed 8448K, reserved 1048576K
}
Event: 43.081 GC heap before
{Heap before GC invocations=106 (full 3):
 PSYoungGen      total 11776K, used 11616K [0x00000000d5580000, 0x00000000d6880000, 0x0000000100000000)
  eden space 11264K, 100% used [0x00000000d5580000,0x00000000d6080000,0x00000000d6080000)
  from space 512K, 68% used [0x00000000d6800000,0x00000000d6858000,0x00000000d6880000)
  to   space 1536K, 0% used [0x00000000d6580000,0x00000000d6580000,0x00000000d6700000)
 ParOldGen       total 280064K, used 278831K [0x0000000080000000, 0x0000000091180000, 0x00000000d5580000)
  object space 280064K, 99% used [0x0000000080000000,0x000000009104bcc8,0x0000000091180000)
 Metaspace       used 73390K, committed 75008K, reserved 1179648K
  class space    used 7756K, committed 8448K, reserved 1048576K
}
Event: 43.082 GC heap after
{Heap after GC invocations=106 (full 3):
 PSYoungGen      total 12800K, used 1527K [0x00000000d5580000, 0x00000000d6880000, 0x0000000100000000)
  eden space 11264K, 0% used [0x00000000d5580000,0x00000000d5580000,0x00000000d6080000)
  from space 1536K, 99% used [0x00000000d6580000,0x00000000d66fdce0,0x00000000d6700000)
  to   space 1536K, 0% used [0x00000000d6700000,0x00000000d6700000,0x00000000d6880000)
 ParOldGen       total 280064K, used 279121K [0x0000000080000000, 0x0000000091180000, 0x00000000d5580000)
  object space 280064K, 99% used [0x0000000080000000,0x00000000910947a8,0x0000000091180000)
 Metaspace       used 73390K, committed 75008K, reserved 1179648K
  class space    used 7756K, committed 8448K, reserved 1048576K
}
Event: 43.196 GC heap before
{Heap before GC invocations=107 (full 3):
 PSYoungGen      total 12800K, used 11997K [0x00000000d5580000, 0x00000000d6880000, 0x0000000100000000)
  eden space 11264K, 92% used [0x00000000d5580000,0x00000000d5fb98b8,0x00000000d6080000)
  from space 1536K, 99% used [0x00000000d6580000,0x00000000d66fdce0,0x00000000d6700000)
  to   space 1536K, 0% used [0x00000000d6700000,0x00000000d6700000,0x00000000d6880000)
 ParOldGen       total 280064K, used 279121K [0x0000000080000000, 0x0000000091180000, 0x00000000d5580000)
  object space 280064K, 99% used [0x0000000080000000,0x00000000910947a8,0x0000000091180000)
 Metaspace       used 73622K, committed 75264K, reserved 1179648K
  class space    used 7766K, committed 8448K, reserved 1048576K
}
Event: 43.197 GC heap after
{Heap after GC invocations=107 (full 3):
 PSYoungGen      total 12800K, used 1469K [0x00000000d5580000, 0x00000000d6880000, 0x0000000100000000)
  eden space 11264K, 0% used [0x00000000d5580000,0x00000000d5580000,0x00000000d6080000)
  from space 1536K, 95% used [0x00000000d6700000,0x00000000d686f560,0x00000000d6880000)
  to   space 2048K, 0% used [0x00000000d6480000,0x00000000d6480000,0x00000000d6680000)
 ParOldGen       total 280064K, used 280008K [0x0000000080000000, 0x0000000091180000, 0x00000000d5580000)
  object space 280064K, 99% used [0x0000000080000000,0x0000000091172138,0x0000000091180000)
 Metaspace       used 73622K, committed 75264K, reserved 1179648K
  class space    used 7766K, committed 8448K, reserved 1048576K
}
Event: 43.253 GC heap before
{Heap before GC invocations=108 (full 3):
 PSYoungGen      total 12800K, used 12733K [0x00000000d5580000, 0x00000000d6880000, 0x0000000100000000)
  eden space 11264K, 100% used [0x00000000d5580000,0x00000000d6080000,0x00000000d6080000)
  from space 1536K, 95% used [0x00000000d6700000,0x00000000d686f560,0x00000000d6880000)
  to   space 2048K, 0% used [0x00000000d6480000,0x00000000d6480000,0x00000000d6680000)
 ParOldGen       total 280064K, used 280008K [0x0000000080000000, 0x0000000091180000, 0x00000000d5580000)
  object space 280064K, 99% used [0x0000000080000000,0x0000000091172138,0x0000000091180000)
 Metaspace       used 73663K, committed 75328K, reserved 1179648K
  class space    used 7767K, committed 8448K, reserved 1048576K
}
Event: 43.255 GC heap after
{Heap after GC invocations=108 (full 3):
 PSYoungGen      total 12800K, used 1427K [0x00000000d5580000, 0x00000000d6780000, 0x0000000100000000)
  eden space 11264K, 0% used [0x00000000d5580000,0x00000000d5580000,0x00000000d6080000)
  from space 1536K, 92% used [0x00000000d6480000,0x00000000d65e4db8,0x00000000d6600000)
  to   space 1536K, 0% used [0x00000000d6600000,0x00000000d6600000,0x00000000d6780000)
 ParOldGen       total 281600K, used 281339K [0x0000000080000000, 0x0000000091300000, 0x00000000d5580000)
  object space 281600K, 99% used [0x0000000080000000,0x00000000912bed68,0x0000000091300000)
 Metaspace       used 73663K, committed 75328K, reserved 1179648K
  class space    used 7767K, committed 8448K, reserved 1048576K
}
Event: 44.391 GC heap before
{Heap before GC invocations=109 (full 3):
 PSYoungGen      total 12800K, used 12691K [0x00000000d5580000, 0x00000000d6780000, 0x0000000100000000)
  eden space 11264K, 100% used [0x00000000d5580000,0x00000000d6080000,0x00000000d6080000)
  from space 1536K, 92% used [0x00000000d6480000,0x00000000d65e4db8,0x00000000d6600000)
  to   space 1536K, 0% used [0x00000000d6600000,0x00000000d6600000,0x00000000d6780000)
 ParOldGen       total 281600K, used 281339K [0x0000000080000000, 0x0000000091300000, 0x00000000d5580000)
  object space 281600K, 99% used [0x0000000080000000,0x00000000912bed68,0x0000000091300000)
 Metaspace       used 73744K, committed 75328K, reserved 1179648K
  class space    used 7771K, committed 8448K, reserved 1048576K
}
Event: 44.392 GC heap after
{Heap after GC invocations=109 (full 3):
 PSYoungGen      total 12288K, used 654K [0x00000000d5580000, 0x00000000d6700000, 0x0000000100000000)
  eden space 11264K, 0% used [0x00000000d5580000,0x00000000d5580000,0x00000000d6080000)
  from space 1024K, 63% used [0x00000000d6600000,0x00000000d66a3b00,0x00000000d6700000)
  to   space 1024K, 0% used [0x00000000d6500000,0x00000000d6500000,0x00000000d6600000)
 ParOldGen       total 282624K, used 282623K [0x0000000080000000, 0x0000000091400000, 0x00000000d5580000)
  object space 282624K, 99% used [0x0000000080000000,0x00000000913ffde0,0x0000000091400000)
 Metaspace       used 73744K, committed 75328K, reserved 1179648K
  class space    used 7771K, committed 8448K, reserved 1048576K
}
Event: 51.811 GC heap before
{Heap before GC invocations=110 (full 3):
 PSYoungGen      total 12288K, used 11918K [0x00000000d5580000, 0x00000000d6700000, 0x0000000100000000)
  eden space 11264K, 100% used [0x00000000d5580000,0x00000000d6080000,0x00000000d6080000)
  from space 1024K, 63% used [0x00000000d6600000,0x00000000d66a3b00,0x00000000d6700000)
  to   space 1024K, 0% used [0x00000000d6500000,0x00000000d6500000,0x00000000d6600000)
 ParOldGen       total 282624K, used 282623K [0x0000000080000000, 0x0000000091400000, 0x00000000d5580000)
  object space 282624K, 99% used [0x0000000080000000,0x00000000913ffde0,0x0000000091400000)
 Metaspace       used 73935K, committed 75520K, reserved 1179648K
  class space    used 7792K, committed 8448K, reserved 1048576K
}
Event: 51.813 GC heap after
{Heap after GC invocations=110 (full 3):
 PSYoungGen      total 12288K, used 1017K [0x00000000d5580000, 0x00000000d6680000, 0x0000000100000000)
  eden space 11264K, 0% used [0x00000000d5580000,0x00000000d5580000,0x00000000d6080000)
  from space 1024K, 99% used [0x00000000d6500000,0x00000000d65fe7f0,0x00000000d6600000)
  to   space 512K, 0% used [0x00000000d6600000,0x00000000d6600000,0x00000000d6680000)
 ParOldGen       total 284160K, used 284123K [0x0000000080000000, 0x0000000091580000, 0x00000000d5580000)
  object space 284160K, 99% used [0x0000000080000000,0x0000000091576fe0,0x0000000091580000)
 Metaspace       used 73935K, committed 75520K, reserved 1179648K
  class space    used 7792K, committed 8448K, reserved 1048576K
}
Event: 51.882 GC heap before
{Heap before GC invocations=111 (full 3):
 PSYoungGen      total 12288K, used 12281K [0x00000000d5580000, 0x00000000d6680000, 0x0000000100000000)
  eden space 11264K, 100% used [0x00000000d5580000,0x00000000d6080000,0x00000000d6080000)
  from space 1024K, 99% used [0x00000000d6500000,0x00000000d65fe7f0,0x00000000d6600000)
  to   space 512K, 0% used [0x00000000d6600000,0x00000000d6600000,0x00000000d6680000)
 ParOldGen       total 284160K, used 284123K [0x0000000080000000, 0x0000000091580000, 0x00000000d5580000)
  object space 284160K, 99% used [0x0000000080000000,0x0000000091576fe0,0x0000000091580000)
 Metaspace       used 73935K, committed 75520K, reserved 1179648K
  class space    used 7792K, committed 8448K, reserved 1048576K
}
Event: 51.884 GC heap after
{Heap after GC invocations=111 (full 3):
 PSYoungGen      total 11776K, used 499K [0x00000000d5580000, 0x00000000d6780000, 0x0000000100000000)
  eden space 11264K, 0% used [0x00000000d5580000,0x00000000d5580000,0x00000000d6080000)
  from space 512K, 97% used [0x00000000d6600000,0x00000000d667ce50,0x00000000d6680000)
  to   space 3584K, 0% used [0x00000000d6080000,0x00000000d6080000,0x00000000d6400000)
 ParOldGen       total 287232K, used 286793K [0x0000000080000000, 0x0000000091880000, 0x00000000d5580000)
  object space 287232K, 99% used [0x0000000080000000,0x0000000091812560,0x0000000091880000)
 Metaspace       used 73935K, committed 75520K, reserved 1179648K
  class space    used 7792K, committed 8448K, reserved 1048576K
}
Event: 52.039 GC heap before
{Heap before GC invocations=112 (full 3):
 PSYoungGen      total 11776K, used 11691K [0x00000000d5580000, 0x00000000d6780000, 0x0000000100000000)
  eden space 11264K, 99% used [0x00000000d5580000,0x00000000d606dfb8,0x00000000d6080000)
  from space 512K, 97% used [0x00000000d6600000,0x00000000d667ce50,0x00000000d6680000)
  to   space 3584K, 0% used [0x00000000d6080000,0x00000000d6080000,0x00000000d6400000)
 ParOldGen       total 287232K, used 286793K [0x0000000080000000, 0x0000000091880000, 0x00000000d5580000)
  object space 287232K, 99% used [0x0000000080000000,0x0000000091812560,0x0000000091880000)
 Metaspace       used 73946K, committed 75520K, reserved 1179648K
  class space    used 7792K, committed 8448K, reserved 1048576K
}
Event: 52.041 GC heap after
{Heap after GC invocations=112 (full 3):
 PSYoungGen      total 14848K, used 3582K [0x00000000d5580000, 0x00000000d7180000, 0x0000000100000000)
  eden space 11264K, 0% used [0x00000000d5580000,0x00000000d5580000,0x00000000d6080000)
  from space 3584K, 99% used [0x00000000d6080000,0x00000000d63ff800,0x00000000d6400000)
  to   space 8704K, 0% used [0x00000000d6900000,0x00000000d6900000,0x00000000d7180000)
 ParOldGen       total 291328K, used 290984K [0x0000000080000000, 0x0000000091c80000, 0x00000000d5580000)
  object space 291328K, 99% used [0x0000000080000000,0x0000000091c2a330,0x0000000091c80000)
 Metaspace       used 73946K, committed 75520K, reserved 1179648K
  class space    used 7792K, committed 8448K, reserved 1048576K
}
Event: 77.815 GC heap before
{Heap before GC invocations=113 (full 3):
 PSYoungGen      total 14848K, used 14846K [0x00000000d5580000, 0x00000000d7180000, 0x0000000100000000)
  eden space 11264K, 100% used [0x00000000d5580000,0x00000000d6080000,0x00000000d6080000)
  from space 3584K, 99% used [0x00000000d6080000,0x00000000d63ff800,0x00000000d6400000)
  to   space 8704K, 0% used [0x00000000d6900000,0x00000000d6900000,0x00000000d7180000)
 ParOldGen       total 323072K, used 321704K [0x0000000080000000, 0x0000000093b80000, 0x00000000d5580000)
  object space 323072K, 99% used [0x0000000080000000,0x0000000093a2a360,0x0000000093b80000)
 Metaspace       used 74236K, committed 75840K, reserved 1179648K
  class space    used 7837K, committed 8512K, reserved 1048576K
}
Event: 77.816 GC heap after
{Heap after GC invocations=113 (full 3):
 PSYoungGen      total 12800K, used 1364K [0x00000000d5580000, 0x00000000d6a80000, 0x0000000100000000)
  eden space 11264K, 0% used [0x00000000d5580000,0x00000000d5580000,0x00000000d6080000)
  from space 1536K, 88% used [0x00000000d6900000,0x00000000d6a55200,0x00000000d6a80000)
  to   space 4096K, 0% used [0x00000000d6280000,0x00000000d6280000,0x00000000d6680000)
 ParOldGen       total 323072K, used 322296K [0x0000000080000000, 0x0000000093b80000, 0x00000000d5580000)
  object space 323072K, 99% used [0x0000000080000000,0x0000000093abe390,0x0000000093b80000)
 Metaspace       used 74236K, committed 75840K, reserved 1179648K
  class space    used 7837K, committed 8512K, reserved 1048576K
}

